<?xml version="1.0" encoding="UTF-8"?>
<testng-results ignored="0" total="1" passed="1" failed="0" skipped="0">
  <reporter-output>
  </reporter-output>
  <suite started-at="2023-09-01T21:30:13 IST" name="Suite" finished-at="2023-09-01T21:30:24 IST" duration-ms="10683">
    <groups>
    </groups>
    <test started-at="2023-09-01T21:30:13 IST" name="Test" finished-at="2023-09-01T21:30:24 IST" duration-ms="10683">
      <class name="swaglabs.sampletest.TestClass">
        <test-method is-config="true" signature="setUpDriver()[pri:0, instance:swaglabs.sampletest.TestClass@794cb805]" started-at="2023-09-01T21:30:13 IST" name="setUpDriver" finished-at="2023-09-01T21:30:18 IST" duration-ms="4773" status="PASS">
          <reporter-output>
          </reporter-output>
        </test-method> <!-- setUpDriver -->
        <test-method signature="testMethod()[pri:0, instance:swaglabs.sampletest.TestClass@794cb805]" started-at="2023-09-01T21:30:18 IST" name="testMethod" finished-at="2023-09-01T21:30:23 IST" duration-ms="5394" status="PASS">
          <reporter-output>
          </reporter-output>
        </test-method> <!-- testMethod -->
        <test-method is-config="true" signature="closeWindow()[pri:0, instance:swaglabs.sampletest.TestClass@794cb805]" started-at="2023-09-01T21:30:23 IST" name="closeWindow" finished-at="2023-09-01T21:30:24 IST" duration-ms="505" status="PASS">
          <reporter-output>
          </reporter-output>
        </test-method> <!-- closeWindow -->
      </class> <!-- swaglabs.sampletest.TestClass -->
    </test> <!-- Test -->
  </suite> <!-- Suite -->
</testng-results>
